<?xml version="1.0" encoding="UTF-8"?>
<Site BuildName="Darwin-clang++"
	BuildStamp="20211125-1135-Experimental"
	Name="MacBook-Pro.local"
	Generator="ctest-3.22.0-rc3"
	CompilerName="/usr/bin/clang++"
	CompilerVersion="13.0.0.13000029"
	OSName="macOS"
	Hostname="MacBook-Pro.local"
	OSRelease="12.0.1"
	OSVersion="21A559"
	OSPlatform="arm64"
	Is64Bits="1"
	VendorString="IBM"
	VendorID="IBM"
	FamilyID="16777228"
	ModelID="2"
	ProcessorCacheSize="131072"
	NumberOfLogicalCPU="8"
	NumberOfPhysicalCPU="8"
	TotalVirtualMemory="2048"
	TotalPhysicalMemory="16384"
	LogicalProcessorsPerPhysical="8"
	ProcessorClockFrequency="0"
	>
	<Testing>
		<StartDateTime>Nov 25 13:39 CET</StartDateTime>
		<StartTestTime>1637843943</StartTestTime>
		<TestList>
			<Test>./tests/usage_test</Test>
		</TestList>
		<Test Status="passed">
			<Name>usage_test</Name>
			<Path>./tests</Path>
			<FullName>./tests/usage_test</FullName>
			<FullCommandLine>/Users/asgerpoulsen/Desktop/Programming\ Assignments/Week-12-Assignment/assignment-12-asgersong/build/tests/tests</FullCommandLine>
			<Results>
				<NamedMeasurement type="numeric/double" name="Execution Time">
					<Value>0.225098</Value>
				</NamedMeasurement>
				<NamedMeasurement type="numeric/double" name="Processors">
					<Value>1</Value>
				</NamedMeasurement>
				<NamedMeasurement type="text/string" name="Completion Status">
					<Value>Completed</Value>
				</NamedMeasurement>
				<NamedMeasurement type="text/string" name="Command Line">
					<Value>/Users/asgerpoulsen/Desktop/Programming\ Assignments/Week-12-Assignment/assignment-12-asgersong/build/tests/tests</Value>
				</NamedMeasurement>
				<NamedMeasurement type="text/string" name="Environment">
					<Value>#CTEST_RESOURCE_GROUP_COUNT=</Value>
				</NamedMeasurement>
				<Measurement>
					<Value encoding="base64" compression="gzip">eJyztaUq4HLMyVEoSS0uKVYoSCwuTk1R0DBXADGKSjLz84oVMvMUjMDyCsmJxanFmlxcAFB8I2k=</Value>
				</Measurement>
			</Results>
		</Test>
		<EndDateTime>Nov 25 13:39 CET</EndDateTime>
		<EndTestTime>1637843944</EndTestTime>
		<ElapsedMinutes>0</ElapsedMinutes>
	</Testing>
</Site>
